2019-05-24 11:59:01.040 default [main] INFO  c.x.SpringbootMybatisApplication - Starting SpringbootMybatisApplication on LAPTOP-JTN9SC6G with PID 28924 (F:\javaProject\back_end\task\target\classes started by ASUS in F:\javaProject\back_end\task)
2019-05-24 11:59:01.040 default [main] INFO  c.x.SpringbootMybatisApplication - No active profile set, falling back to default profiles: default
2019-05-24 11:59:02.374 default [main] INFO  o.s.c.s.PostProcessorRegistrationDelegate$BeanPostProcessorChecker - Bean 'shiroConfig' of type [com.xiyouedu.shiro.ShiroConfig$$EnhancerBySpringCGLIB$$20e3e786] is not eligible for getting processed by all BeanPostProcessors (for example: not eligible for auto-proxying)
2019-05-24 11:59:02.427 default [main] INFO  o.s.c.s.PostProcessorRegistrationDelegate$BeanPostProcessorChecker - Bean 'mybatis-org.mybatis.spring.boot.autoconfigure.MybatisProperties' of type [org.mybatis.spring.boot.autoconfigure.MybatisProperties] is not eligible for getting processed by all BeanPostProcessors (for example: not eligible for auto-proxying)
2019-05-24 11:59:02.431 default [main] INFO  o.s.c.s.PostProcessorRegistrationDelegate$BeanPostProcessorChecker - Bean 'org.mybatis.spring.boot.autoconfigure.MybatisAutoConfiguration' of type [org.mybatis.spring.boot.autoconfigure.MybatisAutoConfiguration$$EnhancerBySpringCGLIB$$f52ac134] is not eligible for getting processed by all BeanPostProcessors (for example: not eligible for auto-proxying)
2019-05-24 11:59:02.433 default [main] INFO  o.s.c.s.PostProcessorRegistrationDelegate$BeanPostProcessorChecker - Bean 'org.springframework.boot.autoconfigure.jdbc.DataSourceConfiguration$Generic' of type [org.springframework.boot.autoconfigure.jdbc.DataSourceConfiguration$Generic] is not eligible for getting processed by all BeanPostProcessors (for example: not eligible for auto-proxying)
2019-05-24 11:59:02.442 default [main] INFO  o.s.c.s.PostProcessorRegistrationDelegate$BeanPostProcessorChecker - Bean 'spring.datasource-org.springframework.boot.autoconfigure.jdbc.DataSourceProperties' of type [org.springframework.boot.autoconfigure.jdbc.DataSourceProperties] is not eligible for getting processed by all BeanPostProcessors (for example: not eligible for auto-proxying)
2019-05-24 11:59:02.477 default [main] INFO  o.s.c.s.PostProcessorRegistrationDelegate$BeanPostProcessorChecker - Bean 'dataSource' of type [com.alibaba.druid.pool.DruidDataSource] is not eligible for getting processed by all BeanPostProcessors (for example: not eligible for auto-proxying)
2019-05-24 11:59:02.974 default [main] INFO  o.s.c.s.PostProcessorRegistrationDelegate$BeanPostProcessorChecker - Bean 'sqlSessionFactory' of type [org.apache.ibatis.session.defaults.DefaultSqlSessionFactory] is not eligible for getting processed by all BeanPostProcessors (for example: not eligible for auto-proxying)
2019-05-24 11:59:02.977 default [main] INFO  o.s.c.s.PostProcessorRegistrationDelegate$BeanPostProcessorChecker - Bean 'sqlSessionTemplate' of type [org.mybatis.spring.SqlSessionTemplate] is not eligible for getting processed by all BeanPostProcessors (for example: not eligible for auto-proxying)
2019-05-24 11:59:02.978 default [main] INFO  o.s.c.s.PostProcessorRegistrationDelegate$BeanPostProcessorChecker - Bean 'userMapper' of type [org.mybatis.spring.mapper.MapperFactoryBean] is not eligible for getting processed by all BeanPostProcessors (for example: not eligible for auto-proxying)
2019-05-24 11:59:02.979 default [main] INFO  o.s.c.s.PostProcessorRegistrationDelegate$BeanPostProcessorChecker - Bean 'userMapper' of type [com.sun.proxy.$Proxy51] is not eligible for getting processed by all BeanPostProcessors (for example: not eligible for auto-proxying)
2019-05-24 11:59:02.981 default [main] INFO  o.s.c.s.PostProcessorRegistrationDelegate$BeanPostProcessorChecker - Bean 'roleMapper' of type [org.mybatis.spring.mapper.MapperFactoryBean] is not eligible for getting processed by all BeanPostProcessors (for example: not eligible for auto-proxying)
2019-05-24 11:59:02.981 default [main] INFO  o.s.c.s.PostProcessorRegistrationDelegate$BeanPostProcessorChecker - Bean 'roleMapper' of type [com.sun.proxy.$Proxy52] is not eligible for getting processed by all BeanPostProcessors (for example: not eligible for auto-proxying)
2019-05-24 11:59:02.982 default [main] INFO  o.s.c.s.PostProcessorRegistrationDelegate$BeanPostProcessorChecker - Bean 'userRoleMapper' of type [org.mybatis.spring.mapper.MapperFactoryBean] is not eligible for getting processed by all BeanPostProcessors (for example: not eligible for auto-proxying)
2019-05-24 11:59:02.983 default [main] INFO  o.s.c.s.PostProcessorRegistrationDelegate$BeanPostProcessorChecker - Bean 'userRoleMapper' of type [com.sun.proxy.$Proxy53] is not eligible for getting processed by all BeanPostProcessors (for example: not eligible for auto-proxying)
2019-05-24 11:59:02.983 default [main] INFO  o.s.c.s.PostProcessorRegistrationDelegate$BeanPostProcessorChecker - Bean 'userServiceImpl' of type [com.xiyouedu.service.impl.UserServiceImpl] is not eligible for getting processed by all BeanPostProcessors (for example: not eligible for auto-proxying)
2019-05-24 11:59:02.983 default [main] INFO  o.s.c.s.PostProcessorRegistrationDelegate$BeanPostProcessorChecker - Bean 'userRealm' of type [com.xiyouedu.shiro.UserRealm] is not eligible for getting processed by all BeanPostProcessors (for example: not eligible for auto-proxying)
2019-05-24 11:59:03.540 default [main] INFO  o.s.c.s.PostProcessorRegistrationDelegate$BeanPostProcessorChecker - Bean 'securityManager' of type [org.apache.shiro.web.mgt.DefaultWebSecurityManager] is not eligible for getting processed by all BeanPostProcessors (for example: not eligible for auto-proxying)
2019-05-24 11:59:03.566 default [main] INFO  o.s.c.s.PostProcessorRegistrationDelegate$BeanPostProcessorChecker - Bean 'authorizationAttributeSourceAdvisor' of type [org.apache.shiro.spring.security.interceptor.AuthorizationAttributeSourceAdvisor] is not eligible for getting processed by all BeanPostProcessors (for example: not eligible for auto-proxying)
2019-05-24 11:59:03.580 default [main] INFO  o.s.c.s.PostProcessorRegistrationDelegate$BeanPostProcessorChecker - Bean 'org.springframework.transaction.annotation.ProxyTransactionManagementConfiguration' of type [org.springframework.transaction.annotation.ProxyTransactionManagementConfiguration$$EnhancerBySpringCGLIB$$c2567004] is not eligible for getting processed by all BeanPostProcessors (for example: not eligible for auto-proxying)
2019-05-24 11:59:03.899 default [main] INFO  o.s.b.w.e.tomcat.TomcatWebServer - Tomcat initialized with port(s): 8222 (http)
2019-05-24 11:59:03.910 default [main] INFO  o.a.coyote.http11.Http11NioProtocol - Initializing ProtocolHandler ["http-nio-8222"]
2019-05-24 11:59:03.926 default [main] INFO  o.a.catalina.core.StandardService - Starting service [Tomcat]
2019-05-24 11:59:03.927 default [main] INFO  o.a.catalina.core.StandardEngine - Starting Servlet engine: [Apache Tomcat/9.0.16]
2019-05-24 11:59:03.936 default [main] INFO  o.a.c.core.AprLifecycleListener - The APR based Apache Tomcat Native library which allows optimal performance in production environments was not found on the java.library.path: [F:\javaSoftwareInstall\JdkJre1.8\jdk\bin;C:\windows\Sun\Java\bin;C:\windows\system32;C:\windows;F:\javaSoftwareInstall\JdkJre1.8\jdk\bin;F:\javaSoftwareInstall\JdkJre1.8\jdk\jre\bin;C:\Program Files (x86)\Common Files\Oracle\Java\javapath;C:\Windows\system32;C:\Windows;C:\Windows\System32\Wbem;C:\Windows\System32\WindowsPowerShell\v1.0\;C:\Windows\System32\OpenSSH\;C:\Program Files (x86)\NVIDIA Corporation\PhysX\Common;C:\Program Files\NVIDIA Corporation\NVIDIA NvDLISR;C:\Program Files (x86)\Intel\Intel(R) Management Engine Components\DAL;C:\Program Files\Intel\Intel(R) Management Engine Components\DAL;C:\Program Files\Intel\WiFi\bin\;C:\Program Files\Common Files\Intel\WirelessCommon\;F:\ApplyInstall\MATLAB2014b\runtime\win64;F:\ApplyInstall\MATLAB2014b\bin;F:\ApplyInstall\MATLAB2014b\polyspace\bin;C:\Users\ASUS\AppData\Local\Microsoft\WindowsApps;F:\ApplyInstall\BanDiZip\;.]
2019-05-24 11:59:04.638 default [main] INFO  o.a.c.c.C.[Tomcat].[localhost].[/] - Initializing Spring embedded WebApplicationContext
2019-05-24 11:59:04.638 default [main] INFO  o.s.web.context.ContextLoader - Root WebApplicationContext: initialization completed in 3540 ms
2019-05-24 11:59:04.964 default [main] INFO  o.s.s.c.ThreadPoolTaskExecutor - Initializing ExecutorService 'applicationTaskExecutor'
2019-05-24 11:59:05.390 default [main] INFO  o.a.coyote.http11.Http11NioProtocol - Starting ProtocolHandler ["http-nio-8222"]
2019-05-24 11:59:05.417 default [main] INFO  o.s.b.w.e.tomcat.TomcatWebServer - Tomcat started on port(s): 8222 (http) with context path ''
2019-05-24 11:59:05.420 default [main] INFO  c.x.SpringbootMybatisApplication - Started SpringbootMybatisApplication in 4.785 seconds (JVM running for 14.104)
2019-05-24 11:59:20.240 default [http-nio-8222-exec-1] INFO  o.a.c.c.C.[Tomcat].[localhost].[/] - Initializing Spring DispatcherServlet 'dispatcherServlet'
2019-05-24 11:59:20.240 default [http-nio-8222-exec-1] INFO  o.s.web.servlet.DispatcherServlet - Initializing Servlet 'dispatcherServlet'
2019-05-24 11:59:20.248 default [http-nio-8222-exec-1] INFO  o.s.web.servlet.DispatcherServlet - Completed initialization in 8 ms
2019-05-24 11:59:27.768 default [http-nio-8222-exec-6] INFO  c.x.service.impl.UserServiceImpl - 执行认证逻辑
2019-05-24 11:59:27.768 default [http-nio-8222-exec-6] INFO  c.x.service.impl.UserServiceImpl - 用户登录认证：验证当前Subject时获取到token为：org.apache.shiro.authc.UsernamePasswordToken - admin, rememberMe=false
2019-05-24 11:59:27.821 default [http-nio-8222-exec-6] INFO  c.alibaba.druid.pool.DruidDataSource - {dataSource-1} inited
2019-05-24 11:59:27.968 default [http-nio-8222-exec-6] INFO  c.xiyouedu.Controller.UserController - 用户为User{userId=null, username='admin', password='123456', role=null}登陆成功！
2019-05-24 12:00:01.486 default [http-nio-8222-exec-5] INFO  c.x.service.impl.UserServiceImpl - 执行认证逻辑
2019-05-24 12:00:01.486 default [http-nio-8222-exec-5] INFO  c.x.service.impl.UserServiceImpl - 用户登录认证：验证当前Subject时获取到token为：org.apache.shiro.authc.UsernamePasswordToken - admin, rememberMe=false
2019-05-24 12:00:01.489 default [http-nio-8222-exec-5] INFO  c.xiyouedu.Controller.UserController - 用户为User{userId=null, username='admin', password='123456', role=null}登陆成功！
